<?xml version="1.0" encoding="UTF-8"?>
<!-- Generated by org.testng.reporters.JUnitReportReporter -->
<testsuite skipped="0" hostname="DESKTOP-MB16O9P" name="test.NewTest" tests="1" failures="0" timestamp="01 九月 2017 02:17:08 GMT" time="0.003" errors="0">
  <testcase name="f" time="0.003" classname="test.NewTest"/>
</testsuite> <!-- test.NewTest -->
