<?xml version="1.0" encoding="UTF-8"?>
<!-- Generated by org.testng.reporters.JUnitReportReporter -->
<testsuite skipped="0" hostname="DESKTOP-M6L880B" name="test.NewTest" tests="1" failures="0" timestamp="02 九月 2017 09:18:06 GMT" time="18.464" errors="0">
  <testcase name="test" time="18.464" classname="test.NewTest"/>
</testsuite> <!-- test.NewTest -->
