<?xml version="1.0" encoding="UTF-8"?>
<!-- Generated by org.testng.reporters.JUnitReportReporter -->
<testsuite hostname="DESKTOP-M6L880B" name="com.zzkg.cases.address.AddAddress" tests="1" failures="0" timestamp="2 Sep 2017 13:25:08 GMT" time="56.646" errors="0">
  <testcase name="addAddress" time="56.646" classname="com.zzkg.cases.address.AddAddress"/>
</testsuite> <!-- com.zzkg.cases.address.AddAddress -->
